<?xml version="1.0" encoding="utf-8" ?>
<!DOCTYPE html PUBLIC "-//W3C//DTD XHTML 1.0 Strict//EN"
        "http://www.w3.org/TR/xhtml1/DTD/xhtml1-strict.dtd">
<html xmlns="http://www.w3.org/1999/xhtml" xml:lang="" lang="">
<head>
  <title>Test Results Report - Runner Cucumber Test</title>
  <meta http-equiv="Content-Type" content="text/html;charset=utf-8" />
  <meta name="description" content="TestNG unit test results." />
  <link href="reportng.css" rel="stylesheet" type="text/css" />
  <script type="text/javascript" src="reportng.js"></script>
</head>
<body>
<h1>Runner Cucumber Test</h1>
<p>
  Test duration: 62.095s
</p>



  <table class="resultsTable">
    <tr><th colspan="3" class="header failed">Failed Tests</th></tr>
      <tr>
        <td colspan="3" class="group">Runner.ContactRunner</td>
      </tr>

<tr>
  <td class="method">
      <span class="description" title="Runs Cucumber Scenarios">runScenario</span>
  </td>
  <td class="duration">
    48.314s
  </td>
  <td class="result">
    
      <i>Method arguments: </i><span class="arguments">"Create a new contact", "Optional[Test on Contact Feature]"</span><br />

    

    <a href="javascript:toggleElement('exception-0', 'block')" title="Click to expand/collapse"><b>org.openqa.selenium.TimeoutException: Expected condition failed: waiting for visibility of Proxy element for: DefaultElementLocator &apos;By.cssSelector: input[name=&apos;first_name&apos;]&apos; (tried for 10 second(s) with 500 milliseconds interval)</b></a><br />
    <div class="stackTrace" id="exception-0">
        org.openqa.selenium.support.ui.WebDriverWait.timeoutException(WebDriverWait.java:95)<br />
        org.openqa.selenium.support.ui.FluentWait.until(FluentWait.java:272)<br />
        Pages.ContactPage.user_provides_firstname_and_lastname_and_email_and_position(ContactPage.java:61)<br />
        StepDefinitions.ContactStep.user_provides_firstname_and_lastname_and_email_and_position(ContactStep.java:16)<br />
        ?.user provides firstname and lastname and email and position(file:///Users/503000218/Code/Synchrony/ParallelCucumber/./src/main/java/Features/Contact.feature:13)<br />
        <b>Caused by: </b> <a href="javascript:toggleElement('exception-1', 'block')" title="Click to expand/collapse">org.openqa.selenium.NoSuchElementException: no such element: Unable to locate element: {&quot;method&quot;:&quot;css selector&quot;,&quot;selector&quot;:&quot;input[name=&apos;first_name&apos;]&quot;}<br/>
&nbsp; (Session info: chrome=91.0.4472.106)<br/>
For documentation on this error, please visit: https://www.seleniumhq.org/exceptions/no_such_element.html<br/>
Build info: version: &apos;3.141.59&apos;, revision: &apos;e82be7d358&apos;, time: &apos;2018-11-14T08:17:03&apos;<br/>
System info: host: &apos;insyfhydmx00218&apos;, ip: &apos;fe80:0:0:0:8db:4be7:9266:9f87%en0&apos;, os.name: &apos;Mac OS X&apos;, os.arch: &apos;x86_64&apos;, os.version: &apos;10.15.7&apos;, java.version: &apos;11.0.8&apos;<br/>
Driver info: org.openqa.selenium.chrome.ChromeDriver<br/>
Capabilities {acceptInsecureCerts: false, browserName: chrome, browserVersion: 91.0.4472.106, chrome: {chromedriverVersion: 90.0.4430.24 (4c6d850f087da..., userDataDir: /var/folders/wp/zf7krg3j2rl...}, goog:chromeOptions: {debuggerAddress: localhost:60562}, javascriptEnabled: true, networkConnectionEnabled: false, pageLoadStrategy: normal, platform: MAC, platformName: MAC, proxy: Proxy(), setWindowRect: true, strictFileInteractability: false, timeouts: {implicit: 0, pageLoad: 300000, script: 30000}, unhandledPromptBehavior: dismiss and notify, webauthn:extension:largeBlob: true, webauthn:virtualAuthenticators: true}<br/>
Session ID: ae975340b8d02cbaf3452d16f5f15acc<br/>
*** Element info: {Using=css selector, value=input[name=&apos;first_name&apos;]}</a><br />
        <div class="stackTrace" id="exception-1">
            java.base/jdk.internal.reflect.NativeConstructorAccessorImpl.newInstance0(Native Method)<br />
            java.base/jdk.internal.reflect.NativeConstructorAccessorImpl.newInstance(NativeConstructorAccessorImpl.java:62)<br />
            java.base/jdk.internal.reflect.DelegatingConstructorAccessorImpl.newInstance(DelegatingConstructorAccessorImpl.java:45)<br />
            java.base/java.lang.reflect.Constructor.newInstance(Constructor.java:490)<br />
            org.openqa.selenium.remote.http.W3CHttpResponseCodec.createException(W3CHttpResponseCodec.java:187)<br />
            org.openqa.selenium.remote.http.W3CHttpResponseCodec.decode(W3CHttpResponseCodec.java:122)<br />
            org.openqa.selenium.remote.http.W3CHttpResponseCodec.decode(W3CHttpResponseCodec.java:49)<br />
            org.openqa.selenium.remote.HttpCommandExecutor.execute(HttpCommandExecutor.java:158)<br />
            org.openqa.selenium.remote.service.DriverCommandExecutor.execute(DriverCommandExecutor.java:83)<br />
            org.openqa.selenium.remote.RemoteWebDriver.execute(RemoteWebDriver.java:552)<br />
            org.openqa.selenium.remote.RemoteWebDriver.findElement(RemoteWebDriver.java:323)<br />
            org.openqa.selenium.remote.RemoteWebDriver.findElementByCssSelector(RemoteWebDriver.java:420)<br />
            org.openqa.selenium.By$ByCssSelector.findElement(By.java:431)<br />
            org.openqa.selenium.remote.RemoteWebDriver.findElement(RemoteWebDriver.java:315)<br />
            org.openqa.selenium.support.pagefactory.DefaultElementLocator.findElement(DefaultElementLocator.java:69)<br />
            org.openqa.selenium.support.pagefactory.internal.LocatingElementHandler.invoke(LocatingElementHandler.java:38)<br />
            com.sun.proxy.$Proxy25.isDisplayed(Unknown Source)<br />
            org.openqa.selenium.support.ui.ExpectedConditions.elementIfVisible(ExpectedConditions.java:314)<br />
            org.openqa.selenium.support.ui.ExpectedConditions.access$000(ExpectedConditions.java:43)<br />
            org.openqa.selenium.support.ui.ExpectedConditions$10.apply(ExpectedConditions.java:300)<br />
            org.openqa.selenium.support.ui.ExpectedConditions$10.apply(ExpectedConditions.java:297)<br />
            org.openqa.selenium.support.ui.FluentWait.until(FluentWait.java:249)<br />
            Pages.ContactPage.user_provides_firstname_and_lastname_and_email_and_position(ContactPage.java:61)<br />
            StepDefinitions.ContactStep.user_provides_firstname_and_lastname_and_email_and_position(ContactStep.java:16)<br />
            java.base/jdk.internal.reflect.NativeMethodAccessorImpl.invoke0(Native Method)<br />
            java.base/jdk.internal.reflect.NativeMethodAccessorImpl.invoke(NativeMethodAccessorImpl.java:62)<br />
            java.base/jdk.internal.reflect.DelegatingMethodAccessorImpl.invoke(DelegatingMethodAccessorImpl.java:43)<br />
            java.base/java.lang.reflect.Method.invoke(Method.java:566)<br />
            io.cucumber.java.Invoker.doInvoke(Invoker.java:66)<br />
            io.cucumber.java.Invoker.invoke(Invoker.java:24)<br />
            io.cucumber.java.AbstractGlueDefinition.invokeMethod(AbstractGlueDefinition.java:47)<br />
            io.cucumber.java.JavaStepDefinition.execute(JavaStepDefinition.java:29)<br />
            io.cucumber.core.runner.CoreStepDefinition.execute(CoreStepDefinition.java:66)<br />
            io.cucumber.core.runner.PickleStepDefinitionMatch.runStep(PickleStepDefinitionMatch.java:63)<br />
            io.cucumber.core.runner.ExecutionMode$1.execute(ExecutionMode.java:10)<br />
            io.cucumber.core.runner.TestStep.executeStep(TestStep.java:92)<br />
            io.cucumber.core.runner.TestStep.run(TestStep.java:64)<br />
            io.cucumber.core.runner.PickleStepTestStep.run(PickleStepTestStep.java:51)<br />
            io.cucumber.core.runner.TestCase.run(TestCase.java:104)<br />
            io.cucumber.core.runner.Runner.runPickle(Runner.java:73)<br />
            io.cucumber.testng.TestNGCucumberRunner.lambda$runScenario$0(TestNGCucumberRunner.java:117)<br />
            io.cucumber.core.runtime.CucumberExecutionContext.runTestCase(CucumberExecutionContext.java:117)<br />
            io.cucumber.testng.TestNGCucumberRunner.runScenario(TestNGCucumberRunner.java:114)<br />
            Runner.ContactRunner.runScenario(ContactRunner.java:55)<br />
            java.base/jdk.internal.reflect.NativeMethodAccessorImpl.invoke0(Native Method)<br />
            java.base/jdk.internal.reflect.NativeMethodAccessorImpl.invoke(NativeMethodAccessorImpl.java:62)<br />
            java.base/jdk.internal.reflect.DelegatingMethodAccessorImpl.invoke(DelegatingMethodAccessorImpl.java:43)<br />
            java.base/java.lang.reflect.Method.invoke(Method.java:566)<br />
            org.testng.internal.MethodInvocationHelper.invokeMethod(MethodInvocationHelper.java:133)<br />
            org.testng.internal.TestInvoker.invokeMethod(TestInvoker.java:598)<br />
            org.testng.internal.TestInvoker.invokeTestMethod(TestInvoker.java:173)<br />
            org.testng.internal.MethodRunner.runInSequence(MethodRunner.java:46)<br />
            org.testng.internal.TestInvoker$MethodInvocationAgent.invoke(TestInvoker.java:824)<br />
            org.testng.internal.TestInvoker.invokeTestMethods(TestInvoker.java:146)<br />
            org.testng.internal.TestMethodWorker.invokeTestMethods(TestMethodWorker.java:146)<br />
            org.testng.internal.TestMethodWorker.run(TestMethodWorker.java:128)<br />
            java.base/java.util.ArrayList.forEach(ArrayList.java:1541)<br />
            org.testng.TestRunner.privateRun(TestRunner.java:794)<br />
            org.testng.TestRunner.run(TestRunner.java:596)<br />
            org.testng.SuiteRunner.runTest(SuiteRunner.java:377)<br />
            org.testng.SuiteRunner.access$000(SuiteRunner.java:28)<br />
            org.testng.SuiteRunner$SuiteWorker.run(SuiteRunner.java:418)<br />
            org.testng.internal.thread.ThreadUtil.lambda$execute$0(ThreadUtil.java:64)<br />
            java.base/java.util.concurrent.FutureTask.run(FutureTask.java:264)<br />
            java.base/java.util.concurrent.ThreadPoolExecutor.runWorker(ThreadPoolExecutor.java:1128)<br />
            java.base/java.util.concurrent.ThreadPoolExecutor$Worker.run(ThreadPoolExecutor.java:628)<br />
            java.base/java.lang.Thread.run(Thread.java:834)<br />
        </div>
    </div>
  </td>
</tr>
  </table>


  
</body>
</html>
